-- The C compiler identification is GNU 13.3.0
-- The CXX compiler identification is GNU 13.3.0
-- Detecting C compiler ABI info
-- Detecting C compiler ABI info - done
-- Check for working C compiler: /usr/bin/cc - skipped
-- Detecting C compile features
-- Detecting C compile features - done
-- Detecting CXX compiler ABI info
-- Detecting CXX compiler ABI info - done
-- Check for working CXX compiler: /usr/bin/c++ - skipped
-- Detecting CXX compile features
-- Detecting CXX compile features - done
-- Found ament_cmake: 2.5.3 (/opt/ros/jazzy/share/ament_cmake/cmake)
-- Found Python3: /home/rmcolin/anaconda3/envs/yolov11/bin/python3 (found version "3.12.9") found components: Interpreter 
-- Found rclcpp: 28.1.6 (/opt/ros/jazzy/share/rclcpp/cmake)
-- Found rosidl_generator_c: 4.6.5 (/opt/ros/jazzy/share/rosidl_generator_c/cmake)
-- Found rosidl_generator_cpp: 4.6.5 (/opt/ros/jazzy/share/rosidl_generator_cpp/cmake)
-- Using all available rosidl_typesupport_c: rosidl_typesupport_fastrtps_c;rosidl_typesupport_introspection_c
-- Using all available rosidl_typesupport_cpp: rosidl_typesupport_fastrtps_cpp;rosidl_typesupport_introspection_cpp
-- Found rmw_implementation_cmake: 7.3.1 (/opt/ros/jazzy/share/rmw_implementation_cmake/cmake)
-- Found rmw_fastrtps_cpp: 8.4.1 (/opt/ros/jazzy/share/rmw_fastrtps_cpp/cmake)
-- Found OpenSSL: /usr/lib/x86_64-linux-gnu/libcrypto.so (found version "3.0.13")  
-- Found FastRTPS: /opt/ros/jazzy/include (Required is at least version "2.13") 
-- Using RMW implementation 'rmw_fastrtps_cpp' as default
-- Found cv_bridge: 4.1.0 (/opt/ros/jazzy/share/cv_bridge/cmake)
-- Found image_transport: 5.1.5 (/opt/ros/jazzy/share/image_transport/cmake)
-- Found OpenCV: /usr (found version "4.6.0") found components: core dnn videoio highgui 
-- Found vision_msgs: 4.1.1 (/opt/ros/jazzy/share/vision_msgs/cmake)
-- Found ament_lint_auto: 0.17.1 (/opt/ros/jazzy/share/ament_lint_auto/cmake)
Traceback (most recent call last):
  File "/opt/ros/jazzy/share/ament_cmake_core/cmake/core/package_xml_2_cmake.py", line 22, in <module>
    from catkin_pkg.package import parse_package_string
ModuleNotFoundError: No module named 'catkin_pkg'
[31mCMake Error at /opt/ros/jazzy/share/ament_cmake_core/cmake/core/ament_package_xml.cmake:95 (message):
  execute_process(/home/rmcolin/anaconda3/envs/yolov11/bin/python3
  /opt/ros/jazzy/share/ament_cmake_core/cmake/core/package_xml_2_cmake.py
  /home/rmcolin/ros2_ws/src/dual_cam_yolo/package.xml
  /home/rmcolin/ros2_ws/src/dual_cam_yolo/build/dual_cam_yolo/ament_cmake_core/package.cmake)
  returned error code 1
Call Stack (most recent call first):
  /opt/ros/jazzy/share/ament_cmake_core/cmake/core/ament_package_xml.cmake:49 (_ament_package_xml)
  /opt/ros/jazzy/share/ament_lint_auto/cmake/ament_lint_auto_find_test_dependencies.cmake:31 (ament_package_xml)
  CMakeLists.txt:73 (ament_lint_auto_find_test_dependencies)

[0m
-- Configuring incomplete, errors occurred!
