[0.016s] Invoking command in '/home/rmcolin/ros2_ws/src/dual_cam_yolo/build/dual_cam_yolo': CMAKE_PREFIX_PATH=${CMAKE_PREFIX_PATH}:/opt/ros/jazzy CONDA_PROMPT_MODIFIER=(yolov11) DEBUGINFOD_URLS=https://debuginfod.ubuntu.com /usr/bin/cmake /home/rmcolin/ros2_ws/src/dual_cam_yolo -DCMAKE_INSTALL_PREFIX=/home/rmcolin/ros2_ws/src/dual_cam_yolo/install/dual_cam_yolo
[0.111s] -- The C compiler identification is GNU 13.3.0
[0.207s] -- The CXX compiler identification is GNU 13.3.0
[0.238s] -- Detecting C compiler ABI info
[0.399s] -- Detecting C compiler ABI info - done
[0.407s] -- Check for working C compiler: /usr/bin/cc - skipped
[0.407s] -- Detecting C compile features
[0.408s] -- Detecting C compile features - done
[0.430s] -- Detecting CXX compiler ABI info
[0.617s] -- Detecting CXX compiler ABI info - done
[0.624s] -- Check for working CXX compiler: /usr/bin/c++ - skipped
[0.624s] -- Detecting CXX compile features
[0.626s] -- Detecting CXX compile features - done
[0.630s] -- Found ament_cmake: 2.5.3 (/opt/ros/jazzy/share/ament_cmake/cmake)
[0.785s] -- Found Python3: /home/rmcolin/anaconda3/envs/yolov11/bin/python3 (found version "3.12.9") found components: Interpreter 
[0.926s] -- Found rclcpp: 28.1.6 (/opt/ros/jazzy/share/rclcpp/cmake)
[0.983s] -- Found rosidl_generator_c: 4.6.5 (/opt/ros/jazzy/share/rosidl_generator_c/cmake)
[1.005s] -- Found rosidl_generator_cpp: 4.6.5 (/opt/ros/jazzy/share/rosidl_generator_cpp/cmake)
[1.029s] -- Using all available rosidl_typesupport_c: rosidl_typesupport_fastrtps_c;rosidl_typesupport_introspection_c
[1.058s] -- Using all available rosidl_typesupport_cpp: rosidl_typesupport_fastrtps_cpp;rosidl_typesupport_introspection_cpp
[1.152s] -- Found rmw_implementation_cmake: 7.3.1 (/opt/ros/jazzy/share/rmw_implementation_cmake/cmake)
[1.157s] -- Found rmw_fastrtps_cpp: 8.4.1 (/opt/ros/jazzy/share/rmw_fastrtps_cpp/cmake)
[1.285s] -- Found OpenSSL: /usr/lib/x86_64-linux-gnu/libcrypto.so (found version "3.0.13")  
[1.310s] -- Found FastRTPS: /opt/ros/jazzy/include (Required is at least version "2.13") 
[1.346s] -- Using RMW implementation 'rmw_fastrtps_cpp' as default
[1.427s] -- Found cv_bridge: 4.1.0 (/opt/ros/jazzy/share/cv_bridge/cmake)
[1.503s] -- Found image_transport: 5.1.5 (/opt/ros/jazzy/share/image_transport/cmake)
[1.534s] -- Found OpenCV: /usr (found version "4.6.0") found components: core dnn videoio highgui 
[1.537s] -- Found vision_msgs: 4.1.1 (/opt/ros/jazzy/share/vision_msgs/cmake)
[1.565s] -- Found ament_lint_auto: 0.17.1 (/opt/ros/jazzy/share/ament_lint_auto/cmake)
[1.592s] Traceback (most recent call last):
[1.592s]   File "/opt/ros/jazzy/share/ament_cmake_core/cmake/core/package_xml_2_cmake.py", line 22, in <module>
[1.592s]     from catkin_pkg.package import parse_package_string
[1.593s] ModuleNotFoundError: No module named 'catkin_pkg'
[1.595s] [31mCMake Error at /opt/ros/jazzy/share/ament_cmake_core/cmake/core/ament_package_xml.cmake:95 (message):
[1.595s]   execute_process(/home/rmcolin/anaconda3/envs/yolov11/bin/python3
[1.595s]   /opt/ros/jazzy/share/ament_cmake_core/cmake/core/package_xml_2_cmake.py
[1.595s]   /home/rmcolin/ros2_ws/src/dual_cam_yolo/package.xml
[1.596s]   /home/rmcolin/ros2_ws/src/dual_cam_yolo/build/dual_cam_yolo/ament_cmake_core/package.cmake)
[1.596s]   returned error code 1
[1.596s] Call Stack (most recent call first):
[1.596s]   /opt/ros/jazzy/share/ament_cmake_core/cmake/core/ament_package_xml.cmake:49 (_ament_package_xml)
[1.598s]   /opt/ros/jazzy/share/ament_lint_auto/cmake/ament_lint_auto_find_test_dependencies.cmake:31 (ament_package_xml)
[1.598s]   CMakeLists.txt:73 (ament_lint_auto_find_test_dependencies)
[1.598s] 
[1.598s] [0m
[1.599s] -- Configuring incomplete, errors occurred!
[1.620s] Invoked command in '/home/rmcolin/ros2_ws/src/dual_cam_yolo/build/dual_cam_yolo' returned '1': CMAKE_PREFIX_PATH=${CMAKE_PREFIX_PATH}:/opt/ros/jazzy CONDA_PROMPT_MODIFIER=(yolov11) DEBUGINFOD_URLS=https://debuginfod.ubuntu.com /usr/bin/cmake /home/rmcolin/ros2_ws/src/dual_cam_yolo -DCMAKE_INSTALL_PREFIX=/home/rmcolin/ros2_ws/src/dual_cam_yolo/install/dual_cam_yolo
